  task2.cpp
c:\users\user\workspace\dl_seminar_task2\task2\task2\layer.hpp(621): warning C4244: '인수': 'int'에서 'float'(으)로 변환하면서 데이터가 손실될 수 있습니다.
  c:\users\user\workspace\dl_seminar_task2\task2\task2\layer.hpp(615): note: 클래스 템플릿 멤버 함수 'tensor::Tensor<float> *layer::MaxPool2D<T>::compile(tensor::Tensor<T> *)'을(를) 컴파일하고 있습니다.
          with
          [
              T=float
          ]
  c:\users\user\workspace\dl_seminar_task2\task2\task2\vgg8.hpp(40): note: 컴파일 중인 클래스 템플릿 인스턴스화 'layer::MaxPool2D<T>'에 대한 참조를 확인하세요.
          with
          [
              T=float
          ]
  c:\users\user\workspace\dl_seminar_task2\task2\task2\task2.cpp(51): note: 컴파일 중인 함수 템플릿 인스턴스화 'model::Model<float> *vgg8::build<float>(void)'에 대한 참조를 확인하십시오.
c:\users\user\workspace\dl_seminar_task2\task2\task2\layer.hpp(621): warning C4244: '초기화 중': 'float'에서 'int'(으)로 변환하면서 데이터가 손실될 수 있습니다.
c:\users\user\workspace\dl_seminar_task2\task2\task2\layer.hpp(622): warning C4244: '인수': 'int'에서 'float'(으)로 변환하면서 데이터가 손실될 수 있습니다.
c:\users\user\workspace\dl_seminar_task2\task2\task2\layer.hpp(622): warning C4244: '초기화 중': 'float'에서 'int'(으)로 변환하면서 데이터가 손실될 수 있습니다.
c:\users\user\workspace\dl_seminar_task2\task2\task2\layer.hpp(562): warning C4244: '인수': 'int'에서 'float'(으)로 변환하면서 데이터가 손실될 수 있습니다.
  c:\users\user\workspace\dl_seminar_task2\task2\task2\layer.hpp(553): note: 클래스 템플릿 멤버 함수 'tensor::Tensor<float> *layer::MaxPool2D<T>::forward(tensor::Tensor<T> *)'을(를) 컴파일하고 있습니다.
          with
          [
              T=float
          ]
c:\users\user\workspace\dl_seminar_task2\task2\task2\layer.hpp(562): warning C4244: '초기화 중': 'float'에서 'int'(으)로 변환하면서 데이터가 손실될 수 있습니다.
c:\users\user\workspace\dl_seminar_task2\task2\task2\layer.hpp(563): warning C4244: '인수': 'int'에서 'float'(으)로 변환하면서 데이터가 손실될 수 있습니다.
c:\users\user\workspace\dl_seminar_task2\task2\task2\layer.hpp(563): warning C4244: '초기화 중': 'float'에서 'int'(으)로 변환하면서 데이터가 손실될 수 있습니다.
  코드를 생성하고 있습니다.
  27 of 154 functions (17.5%) were compiled, the rest were copied from previous compilation.
    6 functions were new in current compilation
    27 functions had inline decision re-evaluated but remain unchanged
  코드를 생성했습니다.
  task2.vcxproj -> C:\Users\user\workspace\DL_Seminar_Task2\task2\Release\task2.exe
