  task2.cpp
c:\users\user\workspace\dl_seminar_task2\task2\task2\layer.hpp(438): warning C4244: '인수': 'int'에서 'float'(으)로 변환하면서 데이터가 손실될 수 있습니다.
  c:\users\user\workspace\dl_seminar_task2\task2\task2\layer.hpp(432): note: 클래스 템플릿 멤버 함수 'tensor::Tensor<float> *layer::MaxPool2D<T>::compile(tensor::Tensor<T> *)'을(를) 컴파일하고 있습니다.
          with
          [
              T=float
          ]
  c:\users\user\workspace\dl_seminar_task2\task2\task2\vgg8.hpp(38): note: 컴파일 중인 클래스 템플릿 인스턴스화 'layer::MaxPool2D<T>'에 대한 참조를 확인하세요.
          with
          [
              T=float
          ]
  c:\users\user\workspace\dl_seminar_task2\task2\task2\task2.cpp(43): note: 컴파일 중인 함수 템플릿 인스턴스화 'model::Model<float> *build_vgg8<float>(void)'에 대한 참조를 확인하십시오.
c:\users\user\workspace\dl_seminar_task2\task2\task2\layer.hpp(438): warning C4244: '초기화 중': 'float'에서 'int'(으)로 변환하면서 데이터가 손실될 수 있습니다.
c:\users\user\workspace\dl_seminar_task2\task2\task2\layer.hpp(439): warning C4244: '인수': 'int'에서 'float'(으)로 변환하면서 데이터가 손실될 수 있습니다.
c:\users\user\workspace\dl_seminar_task2\task2\task2\layer.hpp(439): warning C4244: '초기화 중': 'float'에서 'int'(으)로 변환하면서 데이터가 손실될 수 있습니다.
c:\users\user\workspace\dl_seminar_task2\task2\task2\layer.hpp(389): warning C4244: '인수': 'int'에서 'float'(으)로 변환하면서 데이터가 손실될 수 있습니다.
  c:\users\user\workspace\dl_seminar_task2\task2\task2\layer.hpp(380): note: 클래스 템플릿 멤버 함수 'tensor::Tensor<float> *layer::MaxPool2D<T>::forward(tensor::Tensor<T> *)'을(를) 컴파일하고 있습니다.
          with
          [
              T=float
          ]
c:\users\user\workspace\dl_seminar_task2\task2\task2\layer.hpp(389): warning C4244: '초기화 중': 'float'에서 'int'(으)로 변환하면서 데이터가 손실될 수 있습니다.
c:\users\user\workspace\dl_seminar_task2\task2\task2\layer.hpp(390): warning C4244: '인수': 'int'에서 'float'(으)로 변환하면서 데이터가 손실될 수 있습니다.
c:\users\user\workspace\dl_seminar_task2\task2\task2\layer.hpp(390): warning C4244: '초기화 중': 'float'에서 'int'(으)로 변환하면서 데이터가 손실될 수 있습니다.
  task2.vcxproj -> C:\Users\user\workspace\DL_Seminar_Task2\task2\Debug\task2.exe
